[  6%] Built target moveit_ros_planning_gencfg
[ 10%] Built target moveit_rdf_loader
[ 13%] Built target moveit_list_request_adapter_plugins
[ 17%] Built target moveit_constraint_sampler_manager_loader
[ 20%] Built target moveit_planning_pipeline
[ 36%] Built target moveit_default_planning_request_adapter_plugins
[ 39%] Built target moveit_collision_plugin_loader
[ 43%] Built target moveit_kinematics_plugin_loader
[ 46%] Built target moveit_robot_model_loader
[ 50%] Built target moveit_kinematics_speed_and_validity_evaluator
[ 56%] Built target moveit_planning_scene_monitor
[ 60%] Built target moveit_print_planning_model_info
[ 63%] Built target moveit_evaluate_state_operations_speed
[ 67%] Built target demo_scene
[ 70%] Built target moveit_display_random_state
[ 74%] Built target moveit_publish_scene_from_text
[ 77%] Built target moveit_trajectory_execution_manager
[ 81%] Built target moveit_print_planning_scene_info
[ 87%] Built target moveit_visualize_robot_collision_volume
[ 87%] Built target moveit_evaluate_collision_checking_speed
[ 91%] Built target test_controller_manager
[ 94%] Built target test_controller_manager_plugin
[100%] Built target moveit_plan_execution
