Linked: (/home/dimash/catkin_ws/devel/.private/tactile_servo_msgs/lib/pkgconfig/tactile_servo_msgs.pc, /home/dimash/catkin_ws/devel/lib/pkgconfig/tactile_servo_msgs.pc)
Linked: (/home/dimash/catkin_ws/devel/.private/tactile_servo_msgs/lib/python2.7/dist-packages/tactile_servo_msgs/__init__.py, /home/dimash/catkin_ws/devel/lib/python2.7/dist-packages/tactile_servo_msgs/__init__.py)
Linked: (/home/dimash/catkin_ws/devel/.private/tactile_servo_msgs/lib/python2.7/dist-packages/tactile_servo_msgs/msg/_tunePidjoint.py, /home/dimash/catkin_ws/devel/lib/python2.7/dist-packages/tactile_servo_msgs/msg/_tunePidjoint.py)
Linked: (/home/dimash/catkin_ws/devel/.private/tactile_servo_msgs/lib/python2.7/dist-packages/tactile_servo_msgs/msg/_ContsFeats.py, /home/dimash/catkin_ws/devel/lib/python2.7/dist-packages/tactile_servo_msgs/msg/_ContsFeats.py)
Linked: (/home/dimash/catkin_ws/devel/.private/tactile_servo_msgs/lib/python2.7/dist-packages/tactile_servo_msgs/msg/_PlotMatlabImg.py, /home/dimash/catkin_ws/devel/lib/python2.7/dist-packages/tactile_servo_msgs/msg/_PlotMatlabImg.py)
Linked: (/home/dimash/catkin_ws/devel/.private/tactile_servo_msgs/lib/python2.7/dist-packages/tactile_servo_msgs/msg/_tunePid.py, /home/dimash/catkin_ws/devel/lib/python2.7/dist-packages/tactile_servo_msgs/msg/_tunePid.py)
Linked: (/home/dimash/catkin_ws/devel/.private/tactile_servo_msgs/lib/python2.7/dist-packages/tactile_servo_msgs/msg/__init__.py, /home/dimash/catkin_ws/devel/lib/python2.7/dist-packages/tactile_servo_msgs/msg/__init__.py)
Linked: (/home/dimash/catkin_ws/devel/.private/tactile_servo_msgs/lib/python2.7/dist-packages/tactile_servo_msgs/msg/_AllPoints.py, /home/dimash/catkin_ws/devel/lib/python2.7/dist-packages/tactile_servo_msgs/msg/_AllPoints.py)
Linked: (/home/dimash/catkin_ws/devel/.private/tactile_servo_msgs/lib/python2.7/dist-packages/tactile_servo_msgs/msg/_OneContFeats.py, /home/dimash/catkin_ws/devel/lib/python2.7/dist-packages/tactile_servo_msgs/msg/_OneContFeats.py)
Linked: (/home/dimash/catkin_ws/devel/.private/tactile_servo_msgs/lib/python2.7/dist-packages/tactile_servo_msgs/msg/_Image_weiss.py, /home/dimash/catkin_ws/devel/lib/python2.7/dist-packages/tactile_servo_msgs/msg/_Image_weiss.py)
Linked: (/home/dimash/catkin_ws/devel/.private/tactile_servo_msgs/lib/python2.7/dist-packages/tactile_servo_msgs/msg/_touch_sensor_read.py, /home/dimash/catkin_ws/devel/lib/python2.7/dist-packages/tactile_servo_msgs/msg/_touch_sensor_read.py)
Linked: (/home/dimash/catkin_ws/devel/.private/tactile_servo_msgs/lib/python2.7/dist-packages/tactile_servo_msgs/msg/_CalibWeissNano.py, /home/dimash/catkin_ws/devel/lib/python2.7/dist-packages/tactile_servo_msgs/msg/_CalibWeissNano.py)
Linked: (/home/dimash/catkin_ws/devel/.private/tactile_servo_msgs/lib/python2.7/dist-packages/tactile_servo_msgs/msg/_PlotMatlabfarea.py, /home/dimash/catkin_ws/devel/lib/python2.7/dist-packages/tactile_servo_msgs/msg/_PlotMatlabfarea.py)
Linked: (/home/dimash/catkin_ws/devel/.private/tactile_servo_msgs/lib/python2.7/dist-packages/tactile_servo_msgs/msg/_COCtoZMP.py, /home/dimash/catkin_ws/devel/lib/python2.7/dist-packages/tactile_servo_msgs/msg/_COCtoZMP.py)
Linked: (/home/dimash/catkin_ws/devel/.private/tactile_servo_msgs/lib/python2.7/dist-packages/tactile_servo_msgs/msg/_PlanFeats.py, /home/dimash/catkin_ws/devel/lib/python2.7/dist-packages/tactile_servo_msgs/msg/_PlanFeats.py)
Linked: (/home/dimash/catkin_ws/devel/.private/tactile_servo_msgs/lib/python2.7/dist-packages/tactile_servo_msgs/msg/_StiffDepthForce.py, /home/dimash/catkin_ws/devel/lib/python2.7/dist-packages/tactile_servo_msgs/msg/_StiffDepthForce.py)
Linked: (/home/dimash/catkin_ws/devel/.private/tactile_servo_msgs/lib/python2.7/dist-packages/tactile_servo_msgs/msg/_servo_hand.py, /home/dimash/catkin_ws/devel/lib/python2.7/dist-packages/tactile_servo_msgs/msg/_servo_hand.py)
Linked: (/home/dimash/catkin_ws/devel/.private/tactile_servo_msgs/lib/python2.7/dist-packages/tactile_servo_msgs/msg/_ErrProp.py, /home/dimash/catkin_ws/devel/lib/python2.7/dist-packages/tactile_servo_msgs/msg/_ErrProp.py)
Linked: (/home/dimash/catkin_ws/devel/.private/tactile_servo_msgs/lib/python2.7/dist-packages/tactile_servo_msgs/msg/_CalibSerieselOptoforce.py, /home/dimash/catkin_ws/devel/lib/python2.7/dist-packages/tactile_servo_msgs/msg/_CalibSerieselOptoforce.py)
Linked: (/home/dimash/catkin_ws/devel/.private/tactile_servo_msgs/lib/python2.7/dist-packages/tactile_servo_msgs/msg/_PlotMatlab.py, /home/dimash/catkin_ws/devel/lib/python2.7/dist-packages/tactile_servo_msgs/msg/_PlotMatlab.py)
Linked: (/home/dimash/catkin_ws/devel/.private/tactile_servo_msgs/lib/python2.7/dist-packages/tactile_servo_msgs/msg/_compare_eigens.py, /home/dimash/catkin_ws/devel/lib/python2.7/dist-packages/tactile_servo_msgs/msg/_compare_eigens.py)
Linked: (/home/dimash/catkin_ws/devel/.private/tactile_servo_msgs/lib/python2.7/dist-packages/tactile_servo_msgs/msg/_servo.py, /home/dimash/catkin_ws/devel/lib/python2.7/dist-packages/tactile_servo_msgs/msg/_servo.py)
Linked: (/home/dimash/catkin_ws/devel/.private/tactile_servo_msgs/lib/python2.7/dist-packages/tactile_servo_msgs/msg/_PlotMatlabfareaiscontact.py, /home/dimash/catkin_ws/devel/lib/python2.7/dist-packages/tactile_servo_msgs/msg/_PlotMatlabfareaiscontact.py)
Linked: (/home/dimash/catkin_ws/devel/.private/tactile_servo_msgs/lib/python2.7/dist-packages/tactile_servo_msgs/msg/_AllForce.py, /home/dimash/catkin_ws/devel/lib/python2.7/dist-packages/tactile_servo_msgs/msg/_AllForce.py)
Linked: (/home/dimash/catkin_ws/devel/.private/tactile_servo_msgs/share/tactile_servo_msgs/cmake/tactile_servo_msgsConfig-version.cmake, /home/dimash/catkin_ws/devel/share/tactile_servo_msgs/cmake/tactile_servo_msgsConfig-version.cmake)
Linked: (/home/dimash/catkin_ws/devel/.private/tactile_servo_msgs/share/tactile_servo_msgs/cmake/tactile_servo_msgs-msg-extras.cmake, /home/dimash/catkin_ws/devel/share/tactile_servo_msgs/cmake/tactile_servo_msgs-msg-extras.cmake)
Linked: (/home/dimash/catkin_ws/devel/.private/tactile_servo_msgs/share/tactile_servo_msgs/cmake/tactile_servo_msgsConfig.cmake, /home/dimash/catkin_ws/devel/share/tactile_servo_msgs/cmake/tactile_servo_msgsConfig.cmake)
Linked: (/home/dimash/catkin_ws/devel/.private/tactile_servo_msgs/share/tactile_servo_msgs/cmake/tactile_servo_msgs-msg-paths.cmake, /home/dimash/catkin_ws/devel/share/tactile_servo_msgs/cmake/tactile_servo_msgs-msg-paths.cmake)
Linked: (/home/dimash/catkin_ws/devel/.private/tactile_servo_msgs/share/common-lisp/ros/tactile_servo_msgs/msg/_package_CalibWeissNano.lisp, /home/dimash/catkin_ws/devel/share/common-lisp/ros/tactile_servo_msgs/msg/_package_CalibWeissNano.lisp)
Linked: (/home/dimash/catkin_ws/devel/.private/tactile_servo_msgs/share/common-lisp/ros/tactile_servo_msgs/msg/tunePid.lisp, /home/dimash/catkin_ws/devel/share/common-lisp/ros/tactile_servo_msgs/msg/tunePid.lisp)
Linked: (/home/dimash/catkin_ws/devel/.private/tactile_servo_msgs/share/common-lisp/ros/tactile_servo_msgs/msg/touch_sensor_read.lisp, /home/dimash/catkin_ws/devel/share/common-lisp/ros/tactile_servo_msgs/msg/touch_sensor_read.lisp)
Linked: (/home/dimash/catkin_ws/devel/.private/tactile_servo_msgs/share/common-lisp/ros/tactile_servo_msgs/msg/_package_PlotMatlabImg.lisp, /home/dimash/catkin_ws/devel/share/common-lisp/ros/tactile_servo_msgs/msg/_package_PlotMatlabImg.lisp)
Linked: (/home/dimash/catkin_ws/devel/.private/tactile_servo_msgs/share/common-lisp/ros/tactile_servo_msgs/msg/_package_ContsFeats.lisp, /home/dimash/catkin_ws/devel/share/common-lisp/ros/tactile_servo_msgs/msg/_package_ContsFeats.lisp)
Linked: (/home/dimash/catkin_ws/devel/.private/tactile_servo_msgs/share/common-lisp/ros/tactile_servo_msgs/msg/_package_OneContFeats.lisp, /home/dimash/catkin_ws/devel/share/common-lisp/ros/tactile_servo_msgs/msg/_package_OneContFeats.lisp)
Linked: (/home/dimash/catkin_ws/devel/.private/tactile_servo_msgs/share/common-lisp/ros/tactile_servo_msgs/msg/CalibSerieselOptoforce.lisp, /home/dimash/catkin_ws/devel/share/common-lisp/ros/tactile_servo_msgs/msg/CalibSerieselOptoforce.lisp)
Linked: (/home/dimash/catkin_ws/devel/.private/tactile_servo_msgs/share/common-lisp/ros/tactile_servo_msgs/msg/COCtoZMP.lisp, /home/dimash/catkin_ws/devel/share/common-lisp/ros/tactile_servo_msgs/msg/COCtoZMP.lisp)
Linked: (/home/dimash/catkin_ws/devel/.private/tactile_servo_msgs/share/common-lisp/ros/tactile_servo_msgs/msg/_package_AllForce.lisp, /home/dimash/catkin_ws/devel/share/common-lisp/ros/tactile_servo_msgs/msg/_package_AllForce.lisp)
Linked: (/home/dimash/catkin_ws/devel/.private/tactile_servo_msgs/share/common-lisp/ros/tactile_servo_msgs/msg/PlotMatlabfarea.lisp, /home/dimash/catkin_ws/devel/share/common-lisp/ros/tactile_servo_msgs/msg/PlotMatlabfarea.lisp)
Linked: (/home/dimash/catkin_ws/devel/.private/tactile_servo_msgs/share/common-lisp/ros/tactile_servo_msgs/msg/servo.lisp, /home/dimash/catkin_ws/devel/share/common-lisp/ros/tactile_servo_msgs/msg/servo.lisp)
Linked: (/home/dimash/catkin_ws/devel/.private/tactile_servo_msgs/share/common-lisp/ros/tactile_servo_msgs/msg/_package_PlotMatlab.lisp, /home/dimash/catkin_ws/devel/share/common-lisp/ros/tactile_servo_msgs/msg/_package_PlotMatlab.lisp)
Linked: (/home/dimash/catkin_ws/devel/.private/tactile_servo_msgs/share/common-lisp/ros/tactile_servo_msgs/msg/tunePidjoint.lisp, /home/dimash/catkin_ws/devel/share/common-lisp/ros/tactile_servo_msgs/msg/tunePidjoint.lisp)
Linked: (/home/dimash/catkin_ws/devel/.private/tactile_servo_msgs/share/common-lisp/ros/tactile_servo_msgs/msg/_package_PlanFeats.lisp, /home/dimash/catkin_ws/devel/share/common-lisp/ros/tactile_servo_msgs/msg/_package_PlanFeats.lisp)
Linked: (/home/dimash/catkin_ws/devel/.private/tactile_servo_msgs/share/common-lisp/ros/tactile_servo_msgs/msg/CalibWeissNano.lisp, /home/dimash/catkin_ws/devel/share/common-lisp/ros/tactile_servo_msgs/msg/CalibWeissNano.lisp)
Linked: (/home/dimash/catkin_ws/devel/.private/tactile_servo_msgs/share/common-lisp/ros/tactile_servo_msgs/msg/_package_PlotMatlabfareaiscontact.lisp, /home/dimash/catkin_ws/devel/share/common-lisp/ros/tactile_servo_msgs/msg/_package_PlotMatlabfareaiscontact.lisp)
Linked: (/home/dimash/catkin_ws/devel/.private/tactile_servo_msgs/share/common-lisp/ros/tactile_servo_msgs/msg/_package_StiffDepthForce.lisp, /home/dimash/catkin_ws/devel/share/common-lisp/ros/tactile_servo_msgs/msg/_package_StiffDepthForce.lisp)
Linked: (/home/dimash/catkin_ws/devel/.private/tactile_servo_msgs/share/common-lisp/ros/tactile_servo_msgs/msg/tactile_servo_msgs-msg.asd, /home/dimash/catkin_ws/devel/share/common-lisp/ros/tactile_servo_msgs/msg/tactile_servo_msgs-msg.asd)
Linked: (/home/dimash/catkin_ws/devel/.private/tactile_servo_msgs/share/common-lisp/ros/tactile_servo_msgs/msg/_package_COCtoZMP.lisp, /home/dimash/catkin_ws/devel/share/common-lisp/ros/tactile_servo_msgs/msg/_package_COCtoZMP.lisp)
Linked: (/home/dimash/catkin_ws/devel/.private/tactile_servo_msgs/share/common-lisp/ros/tactile_servo_msgs/msg/_package_CalibSerieselOptoforce.lisp, /home/dimash/catkin_ws/devel/share/common-lisp/ros/tactile_servo_msgs/msg/_package_CalibSerieselOptoforce.lisp)
Linked: (/home/dimash/catkin_ws/devel/.private/tactile_servo_msgs/share/common-lisp/ros/tactile_servo_msgs/msg/_package_tunePid.lisp, /home/dimash/catkin_ws/devel/share/common-lisp/ros/tactile_servo_msgs/msg/_package_tunePid.lisp)
Linked: (/home/dimash/catkin_ws/devel/.private/tactile_servo_msgs/share/common-lisp/ros/tactile_servo_msgs/msg/_package_servo_hand.lisp, /home/dimash/catkin_ws/devel/share/common-lisp/ros/tactile_servo_msgs/msg/_package_servo_hand.lisp)
Linked: (/home/dimash/catkin_ws/devel/.private/tactile_servo_msgs/share/common-lisp/ros/tactile_servo_msgs/msg/_package.lisp, /home/dimash/catkin_ws/devel/share/common-lisp/ros/tactile_servo_msgs/msg/_package.lisp)
Linked: (/home/dimash/catkin_ws/devel/.private/tactile_servo_msgs/share/common-lisp/ros/tactile_servo_msgs/msg/_package_Image_weiss.lisp, /home/dimash/catkin_ws/devel/share/common-lisp/ros/tactile_servo_msgs/msg/_package_Image_weiss.lisp)
Linked: (/home/dimash/catkin_ws/devel/.private/tactile_servo_msgs/share/common-lisp/ros/tactile_servo_msgs/msg/_package_tunePidjoint.lisp, /home/dimash/catkin_ws/devel/share/common-lisp/ros/tactile_servo_msgs/msg/_package_tunePidjoint.lisp)
Linked: (/home/dimash/catkin_ws/devel/.private/tactile_servo_msgs/share/common-lisp/ros/tactile_servo_msgs/msg/_package_compare_eigens.lisp, /home/dimash/catkin_ws/devel/share/common-lisp/ros/tactile_servo_msgs/msg/_package_compare_eigens.lisp)
Linked: (/home/dimash/catkin_ws/devel/.private/tactile_servo_msgs/share/common-lisp/ros/tactile_servo_msgs/msg/PlotMatlabImg.lisp, /home/dimash/catkin_ws/devel/share/common-lisp/ros/tactile_servo_msgs/msg/PlotMatlabImg.lisp)
Linked: (/home/dimash/catkin_ws/devel/.private/tactile_servo_msgs/share/common-lisp/ros/tactile_servo_msgs/msg/StiffDepthForce.lisp, /home/dimash/catkin_ws/devel/share/common-lisp/ros/tactile_servo_msgs/msg/StiffDepthForce.lisp)
Linked: (/home/dimash/catkin_ws/devel/.private/tactile_servo_msgs/share/common-lisp/ros/tactile_servo_msgs/msg/ContsFeats.lisp, /home/dimash/catkin_ws/devel/share/common-lisp/ros/tactile_servo_msgs/msg/ContsFeats.lisp)
Linked: (/home/dimash/catkin_ws/devel/.private/tactile_servo_msgs/share/common-lisp/ros/tactile_servo_msgs/msg/Image_weiss.lisp, /home/dimash/catkin_ws/devel/share/common-lisp/ros/tactile_servo_msgs/msg/Image_weiss.lisp)
Linked: (/home/dimash/catkin_ws/devel/.private/tactile_servo_msgs/share/common-lisp/ros/tactile_servo_msgs/msg/_package_ErrProp.lisp, /home/dimash/catkin_ws/devel/share/common-lisp/ros/tactile_servo_msgs/msg/_package_ErrProp.lisp)
Linked: (/home/dimash/catkin_ws/devel/.private/tactile_servo_msgs/share/common-lisp/ros/tactile_servo_msgs/msg/PlotMatlab.lisp, /home/dimash/catkin_ws/devel/share/common-lisp/ros/tactile_servo_msgs/msg/PlotMatlab.lisp)
Linked: (/home/dimash/catkin_ws/devel/.private/tactile_servo_msgs/share/common-lisp/ros/tactile_servo_msgs/msg/PlotMatlabfareaiscontact.lisp, /home/dimash/catkin_ws/devel/share/common-lisp/ros/tactile_servo_msgs/msg/PlotMatlabfareaiscontact.lisp)
Linked: (/home/dimash/catkin_ws/devel/.private/tactile_servo_msgs/share/common-lisp/ros/tactile_servo_msgs/msg/compare_eigens.lisp, /home/dimash/catkin_ws/devel/share/common-lisp/ros/tactile_servo_msgs/msg/compare_eigens.lisp)
Linked: (/home/dimash/catkin_ws/devel/.private/tactile_servo_msgs/share/common-lisp/ros/tactile_servo_msgs/msg/AllPoints.lisp, /home/dimash/catkin_ws/devel/share/common-lisp/ros/tactile_servo_msgs/msg/AllPoints.lisp)
Linked: (/home/dimash/catkin_ws/devel/.private/tactile_servo_msgs/share/common-lisp/ros/tactile_servo_msgs/msg/_package_PlotMatlabfarea.lisp, /home/dimash/catkin_ws/devel/share/common-lisp/ros/tactile_servo_msgs/msg/_package_PlotMatlabfarea.lisp)
Linked: (/home/dimash/catkin_ws/devel/.private/tactile_servo_msgs/share/common-lisp/ros/tactile_servo_msgs/msg/AllForce.lisp, /home/dimash/catkin_ws/devel/share/common-lisp/ros/tactile_servo_msgs/msg/AllForce.lisp)
Linked: (/home/dimash/catkin_ws/devel/.private/tactile_servo_msgs/share/common-lisp/ros/tactile_servo_msgs/msg/OneContFeats.lisp, /home/dimash/catkin_ws/devel/share/common-lisp/ros/tactile_servo_msgs/msg/OneContFeats.lisp)
Linked: (/home/dimash/catkin_ws/devel/.private/tactile_servo_msgs/share/common-lisp/ros/tactile_servo_msgs/msg/PlanFeats.lisp, /home/dimash/catkin_ws/devel/share/common-lisp/ros/tactile_servo_msgs/msg/PlanFeats.lisp)
Linked: (/home/dimash/catkin_ws/devel/.private/tactile_servo_msgs/share/common-lisp/ros/tactile_servo_msgs/msg/ErrProp.lisp, /home/dimash/catkin_ws/devel/share/common-lisp/ros/tactile_servo_msgs/msg/ErrProp.lisp)
Linked: (/home/dimash/catkin_ws/devel/.private/tactile_servo_msgs/share/common-lisp/ros/tactile_servo_msgs/msg/_package_touch_sensor_read.lisp, /home/dimash/catkin_ws/devel/share/common-lisp/ros/tactile_servo_msgs/msg/_package_touch_sensor_read.lisp)
Linked: (/home/dimash/catkin_ws/devel/.private/tactile_servo_msgs/share/common-lisp/ros/tactile_servo_msgs/msg/_package_AllPoints.lisp, /home/dimash/catkin_ws/devel/share/common-lisp/ros/tactile_servo_msgs/msg/_package_AllPoints.lisp)
Linked: (/home/dimash/catkin_ws/devel/.private/tactile_servo_msgs/share/common-lisp/ros/tactile_servo_msgs/msg/servo_hand.lisp, /home/dimash/catkin_ws/devel/share/common-lisp/ros/tactile_servo_msgs/msg/servo_hand.lisp)
Linked: (/home/dimash/catkin_ws/devel/.private/tactile_servo_msgs/share/common-lisp/ros/tactile_servo_msgs/msg/_package_servo.lisp, /home/dimash/catkin_ws/devel/share/common-lisp/ros/tactile_servo_msgs/msg/_package_servo.lisp)
Linked: (/home/dimash/catkin_ws/devel/.private/tactile_servo_msgs/share/gennodejs/ros/tactile_servo_msgs/_index.js, /home/dimash/catkin_ws/devel/share/gennodejs/ros/tactile_servo_msgs/_index.js)
Linked: (/home/dimash/catkin_ws/devel/.private/tactile_servo_msgs/share/gennodejs/ros/tactile_servo_msgs/msg/tunePid.js, /home/dimash/catkin_ws/devel/share/gennodejs/ros/tactile_servo_msgs/msg/tunePid.js)
Linked: (/home/dimash/catkin_ws/devel/.private/tactile_servo_msgs/share/gennodejs/ros/tactile_servo_msgs/msg/compare_eigens.js, /home/dimash/catkin_ws/devel/share/gennodejs/ros/tactile_servo_msgs/msg/compare_eigens.js)
Linked: (/home/dimash/catkin_ws/devel/.private/tactile_servo_msgs/share/gennodejs/ros/tactile_servo_msgs/msg/PlanFeats.js, /home/dimash/catkin_ws/devel/share/gennodejs/ros/tactile_servo_msgs/msg/PlanFeats.js)
Linked: (/home/dimash/catkin_ws/devel/.private/tactile_servo_msgs/share/gennodejs/ros/tactile_servo_msgs/msg/servo_hand.js, /home/dimash/catkin_ws/devel/share/gennodejs/ros/tactile_servo_msgs/msg/servo_hand.js)
Linked: (/home/dimash/catkin_ws/devel/.private/tactile_servo_msgs/share/gennodejs/ros/tactile_servo_msgs/msg/ErrProp.js, /home/dimash/catkin_ws/devel/share/gennodejs/ros/tactile_servo_msgs/msg/ErrProp.js)
Linked: (/home/dimash/catkin_ws/devel/.private/tactile_servo_msgs/share/gennodejs/ros/tactile_servo_msgs/msg/AllForce.js, /home/dimash/catkin_ws/devel/share/gennodejs/ros/tactile_servo_msgs/msg/AllForce.js)
Linked: (/home/dimash/catkin_ws/devel/.private/tactile_servo_msgs/share/gennodejs/ros/tactile_servo_msgs/msg/CalibWeissNano.js, /home/dimash/catkin_ws/devel/share/gennodejs/ros/tactile_servo_msgs/msg/CalibWeissNano.js)
Linked: (/home/dimash/catkin_ws/devel/.private/tactile_servo_msgs/share/gennodejs/ros/tactile_servo_msgs/msg/PlotMatlabImg.js, /home/dimash/catkin_ws/devel/share/gennodejs/ros/tactile_servo_msgs/msg/PlotMatlabImg.js)
Linked: (/home/dimash/catkin_ws/devel/.private/tactile_servo_msgs/share/gennodejs/ros/tactile_servo_msgs/msg/CalibSerieselOptoforce.js, /home/dimash/catkin_ws/devel/share/gennodejs/ros/tactile_servo_msgs/msg/CalibSerieselOptoforce.js)
Linked: (/home/dimash/catkin_ws/devel/.private/tactile_servo_msgs/share/gennodejs/ros/tactile_servo_msgs/msg/_index.js, /home/dimash/catkin_ws/devel/share/gennodejs/ros/tactile_servo_msgs/msg/_index.js)
Linked: (/home/dimash/catkin_ws/devel/.private/tactile_servo_msgs/share/gennodejs/ros/tactile_servo_msgs/msg/COCtoZMP.js, /home/dimash/catkin_ws/devel/share/gennodejs/ros/tactile_servo_msgs/msg/COCtoZMP.js)
Linked: (/home/dimash/catkin_ws/devel/.private/tactile_servo_msgs/share/gennodejs/ros/tactile_servo_msgs/msg/touch_sensor_read.js, /home/dimash/catkin_ws/devel/share/gennodejs/ros/tactile_servo_msgs/msg/touch_sensor_read.js)
Linked: (/home/dimash/catkin_ws/devel/.private/tactile_servo_msgs/share/gennodejs/ros/tactile_servo_msgs/msg/StiffDepthForce.js, /home/dimash/catkin_ws/devel/share/gennodejs/ros/tactile_servo_msgs/msg/StiffDepthForce.js)
Linked: (/home/dimash/catkin_ws/devel/.private/tactile_servo_msgs/share/gennodejs/ros/tactile_servo_msgs/msg/PlotMatlabfarea.js, /home/dimash/catkin_ws/devel/share/gennodejs/ros/tactile_servo_msgs/msg/PlotMatlabfarea.js)
Linked: (/home/dimash/catkin_ws/devel/.private/tactile_servo_msgs/share/gennodejs/ros/tactile_servo_msgs/msg/Image_weiss.js, /home/dimash/catkin_ws/devel/share/gennodejs/ros/tactile_servo_msgs/msg/Image_weiss.js)
Linked: (/home/dimash/catkin_ws/devel/.private/tactile_servo_msgs/share/gennodejs/ros/tactile_servo_msgs/msg/ContsFeats.js, /home/dimash/catkin_ws/devel/share/gennodejs/ros/tactile_servo_msgs/msg/ContsFeats.js)
Linked: (/home/dimash/catkin_ws/devel/.private/tactile_servo_msgs/share/gennodejs/ros/tactile_servo_msgs/msg/servo.js, /home/dimash/catkin_ws/devel/share/gennodejs/ros/tactile_servo_msgs/msg/servo.js)
Linked: (/home/dimash/catkin_ws/devel/.private/tactile_servo_msgs/share/gennodejs/ros/tactile_servo_msgs/msg/OneContFeats.js, /home/dimash/catkin_ws/devel/share/gennodejs/ros/tactile_servo_msgs/msg/OneContFeats.js)
Linked: (/home/dimash/catkin_ws/devel/.private/tactile_servo_msgs/share/gennodejs/ros/tactile_servo_msgs/msg/AllPoints.js, /home/dimash/catkin_ws/devel/share/gennodejs/ros/tactile_servo_msgs/msg/AllPoints.js)
Linked: (/home/dimash/catkin_ws/devel/.private/tactile_servo_msgs/share/gennodejs/ros/tactile_servo_msgs/msg/tunePidjoint.js, /home/dimash/catkin_ws/devel/share/gennodejs/ros/tactile_servo_msgs/msg/tunePidjoint.js)
Linked: (/home/dimash/catkin_ws/devel/.private/tactile_servo_msgs/share/gennodejs/ros/tactile_servo_msgs/msg/PlotMatlab.js, /home/dimash/catkin_ws/devel/share/gennodejs/ros/tactile_servo_msgs/msg/PlotMatlab.js)
Linked: (/home/dimash/catkin_ws/devel/.private/tactile_servo_msgs/share/gennodejs/ros/tactile_servo_msgs/msg/PlotMatlabfareaiscontact.js, /home/dimash/catkin_ws/devel/share/gennodejs/ros/tactile_servo_msgs/msg/PlotMatlabfareaiscontact.js)
Linked: (/home/dimash/catkin_ws/devel/.private/tactile_servo_msgs/share/roseus/ros/tactile_servo_msgs/manifest.l, /home/dimash/catkin_ws/devel/share/roseus/ros/tactile_servo_msgs/manifest.l)
Linked: (/home/dimash/catkin_ws/devel/.private/tactile_servo_msgs/share/roseus/ros/tactile_servo_msgs/msg/OneContFeats.l, /home/dimash/catkin_ws/devel/share/roseus/ros/tactile_servo_msgs/msg/OneContFeats.l)
Linked: (/home/dimash/catkin_ws/devel/.private/tactile_servo_msgs/share/roseus/ros/tactile_servo_msgs/msg/touch_sensor_read.l, /home/dimash/catkin_ws/devel/share/roseus/ros/tactile_servo_msgs/msg/touch_sensor_read.l)
Linked: (/home/dimash/catkin_ws/devel/.private/tactile_servo_msgs/share/roseus/ros/tactile_servo_msgs/msg/servo_hand.l, /home/dimash/catkin_ws/devel/share/roseus/ros/tactile_servo_msgs/msg/servo_hand.l)
Linked: (/home/dimash/catkin_ws/devel/.private/tactile_servo_msgs/share/roseus/ros/tactile_servo_msgs/msg/servo.l, /home/dimash/catkin_ws/devel/share/roseus/ros/tactile_servo_msgs/msg/servo.l)
Linked: (/home/dimash/catkin_ws/devel/.private/tactile_servo_msgs/share/roseus/ros/tactile_servo_msgs/msg/StiffDepthForce.l, /home/dimash/catkin_ws/devel/share/roseus/ros/tactile_servo_msgs/msg/StiffDepthForce.l)
Linked: (/home/dimash/catkin_ws/devel/.private/tactile_servo_msgs/share/roseus/ros/tactile_servo_msgs/msg/ContsFeats.l, /home/dimash/catkin_ws/devel/share/roseus/ros/tactile_servo_msgs/msg/ContsFeats.l)
Linked: (/home/dimash/catkin_ws/devel/.private/tactile_servo_msgs/share/roseus/ros/tactile_servo_msgs/msg/AllPoints.l, /home/dimash/catkin_ws/devel/share/roseus/ros/tactile_servo_msgs/msg/AllPoints.l)
Linked: (/home/dimash/catkin_ws/devel/.private/tactile_servo_msgs/share/roseus/ros/tactile_servo_msgs/msg/PlotMatlabImg.l, /home/dimash/catkin_ws/devel/share/roseus/ros/tactile_servo_msgs/msg/PlotMatlabImg.l)
Linked: (/home/dimash/catkin_ws/devel/.private/tactile_servo_msgs/share/roseus/ros/tactile_servo_msgs/msg/CalibWeissNano.l, /home/dimash/catkin_ws/devel/share/roseus/ros/tactile_servo_msgs/msg/CalibWeissNano.l)
Linked: (/home/dimash/catkin_ws/devel/.private/tactile_servo_msgs/share/roseus/ros/tactile_servo_msgs/msg/AllForce.l, /home/dimash/catkin_ws/devel/share/roseus/ros/tactile_servo_msgs/msg/AllForce.l)
Linked: (/home/dimash/catkin_ws/devel/.private/tactile_servo_msgs/share/roseus/ros/tactile_servo_msgs/msg/ErrProp.l, /home/dimash/catkin_ws/devel/share/roseus/ros/tactile_servo_msgs/msg/ErrProp.l)
Linked: (/home/dimash/catkin_ws/devel/.private/tactile_servo_msgs/share/roseus/ros/tactile_servo_msgs/msg/Image_weiss.l, /home/dimash/catkin_ws/devel/share/roseus/ros/tactile_servo_msgs/msg/Image_weiss.l)
Linked: (/home/dimash/catkin_ws/devel/.private/tactile_servo_msgs/share/roseus/ros/tactile_servo_msgs/msg/PlotMatlab.l, /home/dimash/catkin_ws/devel/share/roseus/ros/tactile_servo_msgs/msg/PlotMatlab.l)
Linked: (/home/dimash/catkin_ws/devel/.private/tactile_servo_msgs/share/roseus/ros/tactile_servo_msgs/msg/tunePidjoint.l, /home/dimash/catkin_ws/devel/share/roseus/ros/tactile_servo_msgs/msg/tunePidjoint.l)
Linked: (/home/dimash/catkin_ws/devel/.private/tactile_servo_msgs/share/roseus/ros/tactile_servo_msgs/msg/CalibSerieselOptoforce.l, /home/dimash/catkin_ws/devel/share/roseus/ros/tactile_servo_msgs/msg/CalibSerieselOptoforce.l)
Linked: (/home/dimash/catkin_ws/devel/.private/tactile_servo_msgs/share/roseus/ros/tactile_servo_msgs/msg/tunePid.l, /home/dimash/catkin_ws/devel/share/roseus/ros/tactile_servo_msgs/msg/tunePid.l)
Linked: (/home/dimash/catkin_ws/devel/.private/tactile_servo_msgs/share/roseus/ros/tactile_servo_msgs/msg/PlotMatlabfareaiscontact.l, /home/dimash/catkin_ws/devel/share/roseus/ros/tactile_servo_msgs/msg/PlotMatlabfareaiscontact.l)
Linked: (/home/dimash/catkin_ws/devel/.private/tactile_servo_msgs/share/roseus/ros/tactile_servo_msgs/msg/PlotMatlabfarea.l, /home/dimash/catkin_ws/devel/share/roseus/ros/tactile_servo_msgs/msg/PlotMatlabfarea.l)
Linked: (/home/dimash/catkin_ws/devel/.private/tactile_servo_msgs/share/roseus/ros/tactile_servo_msgs/msg/PlanFeats.l, /home/dimash/catkin_ws/devel/share/roseus/ros/tactile_servo_msgs/msg/PlanFeats.l)
Linked: (/home/dimash/catkin_ws/devel/.private/tactile_servo_msgs/share/roseus/ros/tactile_servo_msgs/msg/compare_eigens.l, /home/dimash/catkin_ws/devel/share/roseus/ros/tactile_servo_msgs/msg/compare_eigens.l)
Linked: (/home/dimash/catkin_ws/devel/.private/tactile_servo_msgs/share/roseus/ros/tactile_servo_msgs/msg/COCtoZMP.l, /home/dimash/catkin_ws/devel/share/roseus/ros/tactile_servo_msgs/msg/COCtoZMP.l)
Linked: (/home/dimash/catkin_ws/devel/.private/tactile_servo_msgs/include/tactile_servo_msgs/PlotMatlabImg.h, /home/dimash/catkin_ws/devel/include/tactile_servo_msgs/PlotMatlabImg.h)
Linked: (/home/dimash/catkin_ws/devel/.private/tactile_servo_msgs/include/tactile_servo_msgs/OneContFeats.h, /home/dimash/catkin_ws/devel/include/tactile_servo_msgs/OneContFeats.h)
Linked: (/home/dimash/catkin_ws/devel/.private/tactile_servo_msgs/include/tactile_servo_msgs/servo.h, /home/dimash/catkin_ws/devel/include/tactile_servo_msgs/servo.h)
Linked: (/home/dimash/catkin_ws/devel/.private/tactile_servo_msgs/include/tactile_servo_msgs/PlotMatlabfareaiscontact.h, /home/dimash/catkin_ws/devel/include/tactile_servo_msgs/PlotMatlabfareaiscontact.h)
Linked: (/home/dimash/catkin_ws/devel/.private/tactile_servo_msgs/include/tactile_servo_msgs/AllPoints.h, /home/dimash/catkin_ws/devel/include/tactile_servo_msgs/AllPoints.h)
Linked: (/home/dimash/catkin_ws/devel/.private/tactile_servo_msgs/include/tactile_servo_msgs/touch_sensor_read.h, /home/dimash/catkin_ws/devel/include/tactile_servo_msgs/touch_sensor_read.h)
Linked: (/home/dimash/catkin_ws/devel/.private/tactile_servo_msgs/include/tactile_servo_msgs/ErrProp.h, /home/dimash/catkin_ws/devel/include/tactile_servo_msgs/ErrProp.h)
Linked: (/home/dimash/catkin_ws/devel/.private/tactile_servo_msgs/include/tactile_servo_msgs/AllForce.h, /home/dimash/catkin_ws/devel/include/tactile_servo_msgs/AllForce.h)
Linked: (/home/dimash/catkin_ws/devel/.private/tactile_servo_msgs/include/tactile_servo_msgs/servo_hand.h, /home/dimash/catkin_ws/devel/include/tactile_servo_msgs/servo_hand.h)
Linked: (/home/dimash/catkin_ws/devel/.private/tactile_servo_msgs/include/tactile_servo_msgs/tunePid.h, /home/dimash/catkin_ws/devel/include/tactile_servo_msgs/tunePid.h)
Linked: (/home/dimash/catkin_ws/devel/.private/tactile_servo_msgs/include/tactile_servo_msgs/PlotMatlabfarea.h, /home/dimash/catkin_ws/devel/include/tactile_servo_msgs/PlotMatlabfarea.h)
Linked: (/home/dimash/catkin_ws/devel/.private/tactile_servo_msgs/include/tactile_servo_msgs/ContsFeats.h, /home/dimash/catkin_ws/devel/include/tactile_servo_msgs/ContsFeats.h)
Linked: (/home/dimash/catkin_ws/devel/.private/tactile_servo_msgs/include/tactile_servo_msgs/StiffDepthForce.h, /home/dimash/catkin_ws/devel/include/tactile_servo_msgs/StiffDepthForce.h)
Linked: (/home/dimash/catkin_ws/devel/.private/tactile_servo_msgs/include/tactile_servo_msgs/CalibSerieselOptoforce.h, /home/dimash/catkin_ws/devel/include/tactile_servo_msgs/CalibSerieselOptoforce.h)
Linked: (/home/dimash/catkin_ws/devel/.private/tactile_servo_msgs/include/tactile_servo_msgs/CalibWeissNano.h, /home/dimash/catkin_ws/devel/include/tactile_servo_msgs/CalibWeissNano.h)
Linked: (/home/dimash/catkin_ws/devel/.private/tactile_servo_msgs/include/tactile_servo_msgs/PlanFeats.h, /home/dimash/catkin_ws/devel/include/tactile_servo_msgs/PlanFeats.h)
Linked: (/home/dimash/catkin_ws/devel/.private/tactile_servo_msgs/include/tactile_servo_msgs/PlotMatlab.h, /home/dimash/catkin_ws/devel/include/tactile_servo_msgs/PlotMatlab.h)
Linked: (/home/dimash/catkin_ws/devel/.private/tactile_servo_msgs/include/tactile_servo_msgs/Image_weiss.h, /home/dimash/catkin_ws/devel/include/tactile_servo_msgs/Image_weiss.h)
Linked: (/home/dimash/catkin_ws/devel/.private/tactile_servo_msgs/include/tactile_servo_msgs/compare_eigens.h, /home/dimash/catkin_ws/devel/include/tactile_servo_msgs/compare_eigens.h)
Linked: (/home/dimash/catkin_ws/devel/.private/tactile_servo_msgs/include/tactile_servo_msgs/COCtoZMP.h, /home/dimash/catkin_ws/devel/include/tactile_servo_msgs/COCtoZMP.h)
Linked: (/home/dimash/catkin_ws/devel/.private/tactile_servo_msgs/include/tactile_servo_msgs/tunePidjoint.h, /home/dimash/catkin_ws/devel/include/tactile_servo_msgs/tunePidjoint.h)
