[  0%] Built target sensor_msgs_generate_messages_eus
[  0%] Built target std_msgs_generate_messages_lisp
[  0%] Built target sensor_msgs_generate_messages_cpp
[  0%] Built target std_msgs_generate_messages_eus
[  0%] Built target actionlib_generate_messages_cpp
[  0%] Built target std_msgs_generate_messages_nodejs
[  0%] Built target roscpp_generate_messages_cpp
[  0%] Built target sensor_msgs_generate_messages_lisp
[  0%] Built target tf_generate_messages_nodejs
[  0%] Built target std_msgs_generate_messages_py
[  0%] Built target geometry_msgs_generate_messages_py
[  0%] Built target std_msgs_generate_messages_cpp
[  0%] Built target sensor_msgs_generate_messages_nodejs
[  0%] Built target _schunk_ezn64_generate_messages_check_deps_set_position
[  0%] Built target _schunk_ezn64_generate_messages_check_deps_PosAndSpeedFloat32
[  0%] Built target _schunk_ezn64_generate_messages_check_deps_set_velocity
[  0%] Built target tf_generate_messages_lisp
[  0%] Built target _schunk_ezn64_generate_messages_check_deps_get_velocity
[  0%] Built target tf_generate_messages_py
[  0%] Built target actionlib_msgs_generate_messages_nodejs
[  0%] Built target _schunk_ezn64_generate_messages_check_deps_acknowledge_error
[  0%] Built target sensor_msgs_generate_messages_py
[  0%] Built target _schunk_ezn64_generate_messages_check_deps_stop
[  0%] Built target roscpp_generate_messages_py
[  0%] Built target _schunk_ezn64_generate_messages_check_deps_fastStop
[  0%] Built target _schunk_ezn64_generate_messages_check_deps_reference
[  0%] Built target roscpp_generate_messages_nodejs
[  0%] Built target rosgraph_msgs_generate_messages_eus
[  0%] Built target geometry_msgs_generate_messages_eus
[  0%] Built target _schunk_ezn64_generate_messages_check_deps_get_error
[  0%] Built target _schunk_ezn64_generate_messages_check_deps_get_position
[  0%] Built target rosgraph_msgs_generate_messages_cpp
[  0%] Built target rosgraph_msgs_generate_messages_lisp
[  0%] Built target rosgraph_msgs_generate_messages_nodejs
[  0%] Built target geometry_msgs_generate_messages_cpp
[  0%] Built target actionlib_generate_messages_eus
[  0%] Built target actionlib_generate_messages_nodejs
[  0%] Built target geometry_msgs_generate_messages_lisp
[  0%] Built target tf_generate_messages_cpp
[  0%] Built target roscpp_generate_messages_eus
[  0%] Built target tf2_msgs_generate_messages_lisp
[  0%] Built target actionlib_generate_messages_lisp
[  0%] Built target actionlib_msgs_generate_messages_eus
[  0%] Built target actionlib_msgs_generate_messages_lisp
[  0%] Built target tf_generate_messages_eus
[  0%] Built target actionlib_msgs_generate_messages_cpp
[  0%] Built target tf2_msgs_generate_messages_cpp
[  0%] Built target tf2_msgs_generate_messages_eus
[  0%] Built target tf2_msgs_generate_messages_py
[  0%] Built target actionlib_generate_messages_py
[  0%] Built target geometry_msgs_generate_messages_nodejs
[  0%] Built target tf2_msgs_generate_messages_nodejs
[  0%] Built target roscpp_generate_messages_lisp
[  0%] Built target actionlib_msgs_generate_messages_py
[  0%] Built target rosgraph_msgs_generate_messages_py
[ 17%] Built target schunk_ezn64_generate_messages_cpp
[ 34%] Built target schunk_ezn64_generate_messages_lisp
[ 55%] Built target schunk_ezn64_generate_messages_py
[ 72%] Built target schunk_ezn64_generate_messages_nodejs
[ 91%] Built target schunk_ezn64_generate_messages_eus
[ 91%] Built target schunk_ezn64_gencpp
[35m[1mScanning dependencies of target custom_set[0m
[ 91%] Built target schunk_ezn64_generate_messages
[ 93%] [32mBuilding CXX object CMakeFiles/custom_set.dir/src/custom_set.cpp.o[0m
[ 98%] Built target schunk_ezn64
[100%] [32m[1mLinking CXX executable /home/dimash/catkin_ws/devel/.private/schunk_ezn64/lib/schunk_ezn64/custom_set[0m
[100%] Built target custom_set
