[  0%] Built target roscpp_generate_messages_cpp
[  0%] Built target geometry_msgs_generate_messages_py
[  0%] Built target std_msgs_generate_messages_eus
[  0%] Built target sensor_msgs_generate_messages_lisp
[  0%] Built target std_msgs_generate_messages_py
[  0%] Built target tf_generate_messages_nodejs
[  0%] Built target actionlib_generate_messages_cpp
[  0%] Built target std_msgs_generate_messages_cpp
[  0%] Built target std_msgs_generate_messages_nodejs
[  0%] Built target std_msgs_generate_messages_lisp
[  0%] Built target sensor_msgs_generate_messages_nodejs
[  0%] Built target sensor_msgs_generate_messages_cpp
[  0%] Built target sensor_msgs_generate_messages_eus
[  0%] Built target sensor_msgs_generate_messages_py
[  0%] Built target tf_generate_messages_py
[  0%] Built target roscpp_generate_messages_nodejs
[  0%] Built target actionlib_msgs_generate_messages_nodejs
[  0%] Built target _schunk_ezn64_generate_messages_check_deps_get_position
[  0%] Built target tf_generate_messages_lisp
[  0%] Built target _schunk_ezn64_generate_messages_check_deps_set_position
[  0%] Built target rosgraph_msgs_generate_messages_cpp
[  0%] Built target _schunk_ezn64_generate_messages_check_deps_reference
[  0%] Built target _schunk_ezn64_generate_messages_check_deps_fastStop
[  0%] Built target _schunk_ezn64_generate_messages_check_deps_get_velocity
[  0%] Built target geometry_msgs_generate_messages_eus
[  0%] Built target rosgraph_msgs_generate_messages_lisp
[  0%] Built target _schunk_ezn64_generate_messages_check_deps_PosAndSpeedFloat32
[  0%] Built target _schunk_ezn64_generate_messages_check_deps_get_error
[  0%] Built target rosgraph_msgs_generate_messages_eus
[  0%] Built target _schunk_ezn64_generate_messages_check_deps_set_velocity
[  0%] Built target actionlib_generate_messages_lisp
[  0%] Built target roscpp_generate_messages_py
[  0%] Built target rosgraph_msgs_generate_messages_nodejs
[  0%] Built target tf_generate_messages_cpp
[  0%] Built target _schunk_ezn64_generate_messages_check_deps_stop
[  0%] Built target geometry_msgs_generate_messages_cpp
[  0%] Built target actionlib_generate_messages_eus
[  0%] Built target _schunk_ezn64_generate_messages_check_deps_acknowledge_error
[  0%] Built target geometry_msgs_generate_messages_lisp
[  0%] Built target actionlib_generate_messages_nodejs
[  0%] Built target tf_generate_messages_eus
[  0%] Built target roscpp_generate_messages_eus
[  0%] Built target actionlib_msgs_generate_messages_cpp
[  0%] Built target rosgraph_msgs_generate_messages_py
[  0%] Built target actionlib_msgs_generate_messages_eus
[  0%] Built target actionlib_msgs_generate_messages_lisp
[  0%] Built target tf2_msgs_generate_messages_eus
[  0%] Built target actionlib_generate_messages_py
[  0%] Built target tf2_msgs_generate_messages_lisp
[  0%] Built target tf2_msgs_generate_messages_cpp
[  0%] Built target tf2_msgs_generate_messages_py
[  0%] Built target geometry_msgs_generate_messages_nodejs
[  0%] Built target actionlib_msgs_generate_messages_py
[  0%] Built target roscpp_generate_messages_lisp
[  0%] Built target tf2_msgs_generate_messages_nodejs
[ 17%] Built target schunk_ezn64_generate_messages_lisp
[ 34%] Built target schunk_ezn64_generate_messages_cpp
[ 51%] Built target schunk_ezn64_generate_messages_nodejs
[ 72%] Built target schunk_ezn64_generate_messages_py
[ 91%] Built target schunk_ezn64_generate_messages_eus
[ 91%] Built target schunk_ezn64_gencpp
[ 91%] Built target schunk_ezn64_generate_messages
[35m[1mScanning dependencies of target custom_set[0m
[35m[1mScanning dependencies of target schunk_ezn64[0m
[ 94%] [32mBuilding CXX object CMakeFiles/schunk_ezn64.dir/src/ezn64_usb_control_lib.cpp.o[0m
[ 94%] [32mBuilding CXX object CMakeFiles/custom_set.dir/src/custom_set.cpp.o[0m
[01m[K/home/dimash/catkin_ws/src/schunk_ezn64/src/custom_set.cpp:[m[K In function ‘[01m[Kint main(int, char**)[m[K’:
[01m[K/home/dimash/catkin_ws/src/schunk_ezn64/src/custom_set.cpp:29:3:[m[K [01;31m[Kerror: [m[Kexpected ‘[01m[K;[m[K’ before ‘[01m[Kros[m[K’
   [01;31m[Kros[m[K::spinOnce();
   [01;31m[K^~~[m[K
CMakeFiles/custom_set.dir/build.make:62: recipe for target 'CMakeFiles/custom_set.dir/src/custom_set.cpp.o' failed
make[2]: *** [CMakeFiles/custom_set.dir/src/custom_set.cpp.o] Error 1
CMakeFiles/Makefile2:2448: recipe for target 'CMakeFiles/custom_set.dir/all' failed
make[1]: *** [CMakeFiles/custom_set.dir/all] Error 2
make[1]: *** Waiting for unfinished jobs....
[ 96%] [32m[1mLinking CXX executable /home/dimash/catkin_ws/devel/.private/schunk_ezn64/lib/schunk_ezn64/schunk_ezn64[0m
[ 98%] Built target schunk_ezn64
Makefile:140: recipe for target 'all' failed
make: *** [all] Error 2
