[  0%] Built target actionlib_generate_messages_cpp
[  0%] Built target std_msgs_generate_messages_eus
[  0%] Built target std_msgs_generate_messages_nodejs
[  0%] Built target sensor_msgs_generate_messages_nodejs
[  0%] Built target sensor_msgs_generate_messages_lisp
[  0%] Built target geometry_msgs_generate_messages_py
[  0%] Built target sensor_msgs_generate_messages_cpp
[  0%] Built target roscpp_generate_messages_cpp
[  0%] Built target sensor_msgs_generate_messages_eus
[  0%] Built target std_msgs_generate_messages_py
[  0%] Built target std_msgs_generate_messages_cpp
[  0%] Built target tf_generate_messages_nodejs
[  0%] Built target sensor_msgs_generate_messages_py
[  0%] Built target std_msgs_generate_messages_lisp
[  0%] Built target actionlib_msgs_generate_messages_nodejs
[  0%] Built target geometry_msgs_generate_messages_eus
[  0%] Built target tf_generate_messages_py
[  0%] Built target _schunk_ezn64_generate_messages_check_deps_set_position
[  0%] Built target tf_generate_messages_lisp
[  0%] Built target _schunk_ezn64_generate_messages_check_deps_get_position
[  0%] Built target _schunk_ezn64_generate_messages_check_deps_fastStop
[  0%] Built target _schunk_ezn64_generate_messages_check_deps_get_error
[  0%] Built target roscpp_generate_messages_nodejs
[  0%] Built target _schunk_ezn64_generate_messages_check_deps_PosAndSpeedFloat32
[  0%] Built target _schunk_ezn64_generate_messages_check_deps_set_velocity
[  0%] Built target rosgraph_msgs_generate_messages_nodejs
[  0%] Built target rosgraph_msgs_generate_messages_cpp
[  0%] Built target rosgraph_msgs_generate_messages_eus
[  0%] Built target rosgraph_msgs_generate_messages_lisp
[  0%] Built target roscpp_generate_messages_py
[  0%] Built target actionlib_generate_messages_eus
[  0%] Built target _schunk_ezn64_generate_messages_check_deps_reference
[  0%] Built target _schunk_ezn64_generate_messages_check_deps_stop
[  0%] Built target geometry_msgs_generate_messages_cpp
[  0%] Built target actionlib_generate_messages_lisp
[  0%] Built target tf_generate_messages_cpp
[  0%] Built target _schunk_ezn64_generate_messages_check_deps_acknowledge_error
[  0%] Built target _schunk_ezn64_generate_messages_check_deps_get_velocity
[  0%] Built target actionlib_msgs_generate_messages_lisp
[  0%] Built target geometry_msgs_generate_messages_lisp
[  0%] Built target actionlib_generate_messages_nodejs
[  0%] Built target tf_generate_messages_eus
[  0%] Built target roscpp_generate_messages_eus
[  0%] Built target actionlib_msgs_generate_messages_eus
[  0%] Built target rosgraph_msgs_generate_messages_py
[  0%] Built target actionlib_generate_messages_py
[  0%] Built target actionlib_msgs_generate_messages_cpp
[  0%] Built target tf2_msgs_generate_messages_lisp
[  0%] Built target tf2_msgs_generate_messages_nodejs
[  0%] Built target tf2_msgs_generate_messages_cpp
[  0%] Built target tf2_msgs_generate_messages_eus
[  0%] Built target roscpp_generate_messages_lisp
[  0%] Built target geometry_msgs_generate_messages_nodejs
[  0%] Built target actionlib_msgs_generate_messages_py
[  0%] Built target tf2_msgs_generate_messages_py
[ 17%] Built target schunk_ezn64_generate_messages_nodejs
[ 56%] Built target schunk_ezn64_generate_messages_eus
[ 56%] Built target schunk_ezn64_generate_messages_py
[ 74%] Built target schunk_ezn64_generate_messages_cpp
[ 91%] Built target schunk_ezn64_generate_messages_lisp
[ 91%] Built target schunk_ezn64_generate_messages
[ 91%] Built target schunk_ezn64_gencpp
[ 96%] Built target schunk_ezn64
[100%] Built target custom_set
