Linked: (/home/dimash/catkin_ws/devel/.private/schunk_ezn64/lib/schunk_ezn64/schunk_ezn64, /home/dimash/catkin_ws/devel/lib/schunk_ezn64/schunk_ezn64)
Linked: (/home/dimash/catkin_ws/devel/.private/schunk_ezn64/lib/schunk_ezn64/custom_set, /home/dimash/catkin_ws/devel/lib/schunk_ezn64/custom_set)
Linked: (/home/dimash/catkin_ws/devel/.private/schunk_ezn64/lib/pkgconfig/schunk_ezn64.pc, /home/dimash/catkin_ws/devel/lib/pkgconfig/schunk_ezn64.pc)
Linked: (/home/dimash/catkin_ws/devel/.private/schunk_ezn64/lib/python2.7/dist-packages/schunk_ezn64/__init__.py, /home/dimash/catkin_ws/devel/lib/python2.7/dist-packages/schunk_ezn64/__init__.py)
Linked: (/home/dimash/catkin_ws/devel/.private/schunk_ezn64/lib/python2.7/dist-packages/schunk_ezn64/srv/_get_position.py, /home/dimash/catkin_ws/devel/lib/python2.7/dist-packages/schunk_ezn64/srv/_get_position.py)
Linked: (/home/dimash/catkin_ws/devel/.private/schunk_ezn64/lib/python2.7/dist-packages/schunk_ezn64/srv/_get_error.py, /home/dimash/catkin_ws/devel/lib/python2.7/dist-packages/schunk_ezn64/srv/_get_error.py)
Linked: (/home/dimash/catkin_ws/devel/.private/schunk_ezn64/lib/python2.7/dist-packages/schunk_ezn64/srv/_set_position.py, /home/dimash/catkin_ws/devel/lib/python2.7/dist-packages/schunk_ezn64/srv/_set_position.py)
Linked: (/home/dimash/catkin_ws/devel/.private/schunk_ezn64/lib/python2.7/dist-packages/schunk_ezn64/srv/__init__.py, /home/dimash/catkin_ws/devel/lib/python2.7/dist-packages/schunk_ezn64/srv/__init__.py)
Linked: (/home/dimash/catkin_ws/devel/.private/schunk_ezn64/lib/python2.7/dist-packages/schunk_ezn64/srv/_get_velocity.py, /home/dimash/catkin_ws/devel/lib/python2.7/dist-packages/schunk_ezn64/srv/_get_velocity.py)
Linked: (/home/dimash/catkin_ws/devel/.private/schunk_ezn64/lib/python2.7/dist-packages/schunk_ezn64/srv/_acknowledge_error.py, /home/dimash/catkin_ws/devel/lib/python2.7/dist-packages/schunk_ezn64/srv/_acknowledge_error.py)
Linked: (/home/dimash/catkin_ws/devel/.private/schunk_ezn64/lib/python2.7/dist-packages/schunk_ezn64/srv/_reference.py, /home/dimash/catkin_ws/devel/lib/python2.7/dist-packages/schunk_ezn64/srv/_reference.py)
Linked: (/home/dimash/catkin_ws/devel/.private/schunk_ezn64/lib/python2.7/dist-packages/schunk_ezn64/srv/_fastStop.py, /home/dimash/catkin_ws/devel/lib/python2.7/dist-packages/schunk_ezn64/srv/_fastStop.py)
Linked: (/home/dimash/catkin_ws/devel/.private/schunk_ezn64/lib/python2.7/dist-packages/schunk_ezn64/srv/_set_velocity.py, /home/dimash/catkin_ws/devel/lib/python2.7/dist-packages/schunk_ezn64/srv/_set_velocity.py)
Linked: (/home/dimash/catkin_ws/devel/.private/schunk_ezn64/lib/python2.7/dist-packages/schunk_ezn64/srv/_stop.py, /home/dimash/catkin_ws/devel/lib/python2.7/dist-packages/schunk_ezn64/srv/_stop.py)
Linked: (/home/dimash/catkin_ws/devel/.private/schunk_ezn64/lib/python2.7/dist-packages/schunk_ezn64/msg/__init__.py, /home/dimash/catkin_ws/devel/lib/python2.7/dist-packages/schunk_ezn64/msg/__init__.py)
Linked: (/home/dimash/catkin_ws/devel/.private/schunk_ezn64/lib/python2.7/dist-packages/schunk_ezn64/msg/_PosAndSpeedFloat32.py, /home/dimash/catkin_ws/devel/lib/python2.7/dist-packages/schunk_ezn64/msg/_PosAndSpeedFloat32.py)
Linked: (/home/dimash/catkin_ws/devel/.private/schunk_ezn64/share/schunk_ezn64/cmake/schunk_ezn64-msg-paths.cmake, /home/dimash/catkin_ws/devel/share/schunk_ezn64/cmake/schunk_ezn64-msg-paths.cmake)
Linked: (/home/dimash/catkin_ws/devel/.private/schunk_ezn64/share/schunk_ezn64/cmake/schunk_ezn64-msg-extras.cmake, /home/dimash/catkin_ws/devel/share/schunk_ezn64/cmake/schunk_ezn64-msg-extras.cmake)
Linked: (/home/dimash/catkin_ws/devel/.private/schunk_ezn64/share/schunk_ezn64/cmake/schunk_ezn64Config-version.cmake, /home/dimash/catkin_ws/devel/share/schunk_ezn64/cmake/schunk_ezn64Config-version.cmake)
Linked: (/home/dimash/catkin_ws/devel/.private/schunk_ezn64/share/schunk_ezn64/cmake/schunk_ezn64Config.cmake, /home/dimash/catkin_ws/devel/share/schunk_ezn64/cmake/schunk_ezn64Config.cmake)
Linked: (/home/dimash/catkin_ws/devel/.private/schunk_ezn64/share/common-lisp/ros/schunk_ezn64/srv/_package_set_velocity.lisp, /home/dimash/catkin_ws/devel/share/common-lisp/ros/schunk_ezn64/srv/_package_set_velocity.lisp)
Linked: (/home/dimash/catkin_ws/devel/.private/schunk_ezn64/share/common-lisp/ros/schunk_ezn64/srv/_package_acknowledge_error.lisp, /home/dimash/catkin_ws/devel/share/common-lisp/ros/schunk_ezn64/srv/_package_acknowledge_error.lisp)
Linked: (/home/dimash/catkin_ws/devel/.private/schunk_ezn64/share/common-lisp/ros/schunk_ezn64/srv/set_position.lisp, /home/dimash/catkin_ws/devel/share/common-lisp/ros/schunk_ezn64/srv/set_position.lisp)
Linked: (/home/dimash/catkin_ws/devel/.private/schunk_ezn64/share/common-lisp/ros/schunk_ezn64/srv/_package_fastStop.lisp, /home/dimash/catkin_ws/devel/share/common-lisp/ros/schunk_ezn64/srv/_package_fastStop.lisp)
Linked: (/home/dimash/catkin_ws/devel/.private/schunk_ezn64/share/common-lisp/ros/schunk_ezn64/srv/get_velocity.lisp, /home/dimash/catkin_ws/devel/share/common-lisp/ros/schunk_ezn64/srv/get_velocity.lisp)
Linked: (/home/dimash/catkin_ws/devel/.private/schunk_ezn64/share/common-lisp/ros/schunk_ezn64/srv/_package_get_velocity.lisp, /home/dimash/catkin_ws/devel/share/common-lisp/ros/schunk_ezn64/srv/_package_get_velocity.lisp)
Linked: (/home/dimash/catkin_ws/devel/.private/schunk_ezn64/share/common-lisp/ros/schunk_ezn64/srv/schunk_ezn64-srv.asd, /home/dimash/catkin_ws/devel/share/common-lisp/ros/schunk_ezn64/srv/schunk_ezn64-srv.asd)
Linked: (/home/dimash/catkin_ws/devel/.private/schunk_ezn64/share/common-lisp/ros/schunk_ezn64/srv/_package_set_position.lisp, /home/dimash/catkin_ws/devel/share/common-lisp/ros/schunk_ezn64/srv/_package_set_position.lisp)
Linked: (/home/dimash/catkin_ws/devel/.private/schunk_ezn64/share/common-lisp/ros/schunk_ezn64/srv/get_position.lisp, /home/dimash/catkin_ws/devel/share/common-lisp/ros/schunk_ezn64/srv/get_position.lisp)
Linked: (/home/dimash/catkin_ws/devel/.private/schunk_ezn64/share/common-lisp/ros/schunk_ezn64/srv/_package_get_error.lisp, /home/dimash/catkin_ws/devel/share/common-lisp/ros/schunk_ezn64/srv/_package_get_error.lisp)
Linked: (/home/dimash/catkin_ws/devel/.private/schunk_ezn64/share/common-lisp/ros/schunk_ezn64/srv/_package.lisp, /home/dimash/catkin_ws/devel/share/common-lisp/ros/schunk_ezn64/srv/_package.lisp)
Linked: (/home/dimash/catkin_ws/devel/.private/schunk_ezn64/share/common-lisp/ros/schunk_ezn64/srv/reference.lisp, /home/dimash/catkin_ws/devel/share/common-lisp/ros/schunk_ezn64/srv/reference.lisp)
Linked: (/home/dimash/catkin_ws/devel/.private/schunk_ezn64/share/common-lisp/ros/schunk_ezn64/srv/get_error.lisp, /home/dimash/catkin_ws/devel/share/common-lisp/ros/schunk_ezn64/srv/get_error.lisp)
Linked: (/home/dimash/catkin_ws/devel/.private/schunk_ezn64/share/common-lisp/ros/schunk_ezn64/srv/_package_stop.lisp, /home/dimash/catkin_ws/devel/share/common-lisp/ros/schunk_ezn64/srv/_package_stop.lisp)
Linked: (/home/dimash/catkin_ws/devel/.private/schunk_ezn64/share/common-lisp/ros/schunk_ezn64/srv/_package_reference.lisp, /home/dimash/catkin_ws/devel/share/common-lisp/ros/schunk_ezn64/srv/_package_reference.lisp)
Linked: (/home/dimash/catkin_ws/devel/.private/schunk_ezn64/share/common-lisp/ros/schunk_ezn64/srv/acknowledge_error.lisp, /home/dimash/catkin_ws/devel/share/common-lisp/ros/schunk_ezn64/srv/acknowledge_error.lisp)
Linked: (/home/dimash/catkin_ws/devel/.private/schunk_ezn64/share/common-lisp/ros/schunk_ezn64/srv/set_velocity.lisp, /home/dimash/catkin_ws/devel/share/common-lisp/ros/schunk_ezn64/srv/set_velocity.lisp)
Linked: (/home/dimash/catkin_ws/devel/.private/schunk_ezn64/share/common-lisp/ros/schunk_ezn64/srv/stop.lisp, /home/dimash/catkin_ws/devel/share/common-lisp/ros/schunk_ezn64/srv/stop.lisp)
Linked: (/home/dimash/catkin_ws/devel/.private/schunk_ezn64/share/common-lisp/ros/schunk_ezn64/srv/fastStop.lisp, /home/dimash/catkin_ws/devel/share/common-lisp/ros/schunk_ezn64/srv/fastStop.lisp)
Linked: (/home/dimash/catkin_ws/devel/.private/schunk_ezn64/share/common-lisp/ros/schunk_ezn64/srv/_package_get_position.lisp, /home/dimash/catkin_ws/devel/share/common-lisp/ros/schunk_ezn64/srv/_package_get_position.lisp)
Linked: (/home/dimash/catkin_ws/devel/.private/schunk_ezn64/share/common-lisp/ros/schunk_ezn64/msg/_package_PosAndSpeedFloat32.lisp, /home/dimash/catkin_ws/devel/share/common-lisp/ros/schunk_ezn64/msg/_package_PosAndSpeedFloat32.lisp)
Linked: (/home/dimash/catkin_ws/devel/.private/schunk_ezn64/share/common-lisp/ros/schunk_ezn64/msg/schunk_ezn64-msg.asd, /home/dimash/catkin_ws/devel/share/common-lisp/ros/schunk_ezn64/msg/schunk_ezn64-msg.asd)
Linked: (/home/dimash/catkin_ws/devel/.private/schunk_ezn64/share/common-lisp/ros/schunk_ezn64/msg/_package.lisp, /home/dimash/catkin_ws/devel/share/common-lisp/ros/schunk_ezn64/msg/_package.lisp)
Linked: (/home/dimash/catkin_ws/devel/.private/schunk_ezn64/share/common-lisp/ros/schunk_ezn64/msg/PosAndSpeedFloat32.lisp, /home/dimash/catkin_ws/devel/share/common-lisp/ros/schunk_ezn64/msg/PosAndSpeedFloat32.lisp)
Linked: (/home/dimash/catkin_ws/devel/.private/schunk_ezn64/share/gennodejs/ros/schunk_ezn64/_index.js, /home/dimash/catkin_ws/devel/share/gennodejs/ros/schunk_ezn64/_index.js)
Linked: (/home/dimash/catkin_ws/devel/.private/schunk_ezn64/share/gennodejs/ros/schunk_ezn64/srv/get_error.js, /home/dimash/catkin_ws/devel/share/gennodejs/ros/schunk_ezn64/srv/get_error.js)
Linked: (/home/dimash/catkin_ws/devel/.private/schunk_ezn64/share/gennodejs/ros/schunk_ezn64/srv/set_velocity.js, /home/dimash/catkin_ws/devel/share/gennodejs/ros/schunk_ezn64/srv/set_velocity.js)
Linked: (/home/dimash/catkin_ws/devel/.private/schunk_ezn64/share/gennodejs/ros/schunk_ezn64/srv/get_velocity.js, /home/dimash/catkin_ws/devel/share/gennodejs/ros/schunk_ezn64/srv/get_velocity.js)
Linked: (/home/dimash/catkin_ws/devel/.private/schunk_ezn64/share/gennodejs/ros/schunk_ezn64/srv/set_position.js, /home/dimash/catkin_ws/devel/share/gennodejs/ros/schunk_ezn64/srv/set_position.js)
Linked: (/home/dimash/catkin_ws/devel/.private/schunk_ezn64/share/gennodejs/ros/schunk_ezn64/srv/fastStop.js, /home/dimash/catkin_ws/devel/share/gennodejs/ros/schunk_ezn64/srv/fastStop.js)
Linked: (/home/dimash/catkin_ws/devel/.private/schunk_ezn64/share/gennodejs/ros/schunk_ezn64/srv/acknowledge_error.js, /home/dimash/catkin_ws/devel/share/gennodejs/ros/schunk_ezn64/srv/acknowledge_error.js)
Linked: (/home/dimash/catkin_ws/devel/.private/schunk_ezn64/share/gennodejs/ros/schunk_ezn64/srv/_index.js, /home/dimash/catkin_ws/devel/share/gennodejs/ros/schunk_ezn64/srv/_index.js)
Linked: (/home/dimash/catkin_ws/devel/.private/schunk_ezn64/share/gennodejs/ros/schunk_ezn64/srv/stop.js, /home/dimash/catkin_ws/devel/share/gennodejs/ros/schunk_ezn64/srv/stop.js)
Linked: (/home/dimash/catkin_ws/devel/.private/schunk_ezn64/share/gennodejs/ros/schunk_ezn64/srv/reference.js, /home/dimash/catkin_ws/devel/share/gennodejs/ros/schunk_ezn64/srv/reference.js)
Linked: (/home/dimash/catkin_ws/devel/.private/schunk_ezn64/share/gennodejs/ros/schunk_ezn64/srv/get_position.js, /home/dimash/catkin_ws/devel/share/gennodejs/ros/schunk_ezn64/srv/get_position.js)
Linked: (/home/dimash/catkin_ws/devel/.private/schunk_ezn64/share/gennodejs/ros/schunk_ezn64/msg/PosAndSpeedFloat32.js, /home/dimash/catkin_ws/devel/share/gennodejs/ros/schunk_ezn64/msg/PosAndSpeedFloat32.js)
Linked: (/home/dimash/catkin_ws/devel/.private/schunk_ezn64/share/gennodejs/ros/schunk_ezn64/msg/_index.js, /home/dimash/catkin_ws/devel/share/gennodejs/ros/schunk_ezn64/msg/_index.js)
Linked: (/home/dimash/catkin_ws/devel/.private/schunk_ezn64/share/roseus/ros/schunk_ezn64/manifest.l, /home/dimash/catkin_ws/devel/share/roseus/ros/schunk_ezn64/manifest.l)
Linked: (/home/dimash/catkin_ws/devel/.private/schunk_ezn64/share/roseus/ros/schunk_ezn64/srv/reference.l, /home/dimash/catkin_ws/devel/share/roseus/ros/schunk_ezn64/srv/reference.l)
Linked: (/home/dimash/catkin_ws/devel/.private/schunk_ezn64/share/roseus/ros/schunk_ezn64/srv/set_velocity.l, /home/dimash/catkin_ws/devel/share/roseus/ros/schunk_ezn64/srv/set_velocity.l)
Linked: (/home/dimash/catkin_ws/devel/.private/schunk_ezn64/share/roseus/ros/schunk_ezn64/srv/set_position.l, /home/dimash/catkin_ws/devel/share/roseus/ros/schunk_ezn64/srv/set_position.l)
Linked: (/home/dimash/catkin_ws/devel/.private/schunk_ezn64/share/roseus/ros/schunk_ezn64/srv/fastStop.l, /home/dimash/catkin_ws/devel/share/roseus/ros/schunk_ezn64/srv/fastStop.l)
Linked: (/home/dimash/catkin_ws/devel/.private/schunk_ezn64/share/roseus/ros/schunk_ezn64/srv/acknowledge_error.l, /home/dimash/catkin_ws/devel/share/roseus/ros/schunk_ezn64/srv/acknowledge_error.l)
Linked: (/home/dimash/catkin_ws/devel/.private/schunk_ezn64/share/roseus/ros/schunk_ezn64/srv/stop.l, /home/dimash/catkin_ws/devel/share/roseus/ros/schunk_ezn64/srv/stop.l)
Linked: (/home/dimash/catkin_ws/devel/.private/schunk_ezn64/share/roseus/ros/schunk_ezn64/srv/get_velocity.l, /home/dimash/catkin_ws/devel/share/roseus/ros/schunk_ezn64/srv/get_velocity.l)
Linked: (/home/dimash/catkin_ws/devel/.private/schunk_ezn64/share/roseus/ros/schunk_ezn64/srv/get_position.l, /home/dimash/catkin_ws/devel/share/roseus/ros/schunk_ezn64/srv/get_position.l)
Linked: (/home/dimash/catkin_ws/devel/.private/schunk_ezn64/share/roseus/ros/schunk_ezn64/srv/get_error.l, /home/dimash/catkin_ws/devel/share/roseus/ros/schunk_ezn64/srv/get_error.l)
Linked: (/home/dimash/catkin_ws/devel/.private/schunk_ezn64/share/roseus/ros/schunk_ezn64/msg/PosAndSpeedFloat32.l, /home/dimash/catkin_ws/devel/share/roseus/ros/schunk_ezn64/msg/PosAndSpeedFloat32.l)
Linked: (/home/dimash/catkin_ws/devel/.private/schunk_ezn64/include/schunk_ezn64/acknowledge_errorRequest.h, /home/dimash/catkin_ws/devel/include/schunk_ezn64/acknowledge_errorRequest.h)
Linked: (/home/dimash/catkin_ws/devel/.private/schunk_ezn64/include/schunk_ezn64/acknowledge_errorResponse.h, /home/dimash/catkin_ws/devel/include/schunk_ezn64/acknowledge_errorResponse.h)
Linked: (/home/dimash/catkin_ws/devel/.private/schunk_ezn64/include/schunk_ezn64/set_velocity.h, /home/dimash/catkin_ws/devel/include/schunk_ezn64/set_velocity.h)
Linked: (/home/dimash/catkin_ws/devel/.private/schunk_ezn64/include/schunk_ezn64/get_velocityResponse.h, /home/dimash/catkin_ws/devel/include/schunk_ezn64/get_velocityResponse.h)
Linked: (/home/dimash/catkin_ws/devel/.private/schunk_ezn64/include/schunk_ezn64/stop.h, /home/dimash/catkin_ws/devel/include/schunk_ezn64/stop.h)
Linked: (/home/dimash/catkin_ws/devel/.private/schunk_ezn64/include/schunk_ezn64/reference.h, /home/dimash/catkin_ws/devel/include/schunk_ezn64/reference.h)
Linked: (/home/dimash/catkin_ws/devel/.private/schunk_ezn64/include/schunk_ezn64/get_errorResponse.h, /home/dimash/catkin_ws/devel/include/schunk_ezn64/get_errorResponse.h)
Linked: (/home/dimash/catkin_ws/devel/.private/schunk_ezn64/include/schunk_ezn64/set_positionResponse.h, /home/dimash/catkin_ws/devel/include/schunk_ezn64/set_positionResponse.h)
Linked: (/home/dimash/catkin_ws/devel/.private/schunk_ezn64/include/schunk_ezn64/set_velocityRequest.h, /home/dimash/catkin_ws/devel/include/schunk_ezn64/set_velocityRequest.h)
Linked: (/home/dimash/catkin_ws/devel/.private/schunk_ezn64/include/schunk_ezn64/get_positionResponse.h, /home/dimash/catkin_ws/devel/include/schunk_ezn64/get_positionResponse.h)
Linked: (/home/dimash/catkin_ws/devel/.private/schunk_ezn64/include/schunk_ezn64/acknowledge_error.h, /home/dimash/catkin_ws/devel/include/schunk_ezn64/acknowledge_error.h)
Linked: (/home/dimash/catkin_ws/devel/.private/schunk_ezn64/include/schunk_ezn64/set_position.h, /home/dimash/catkin_ws/devel/include/schunk_ezn64/set_position.h)
Linked: (/home/dimash/catkin_ws/devel/.private/schunk_ezn64/include/schunk_ezn64/get_velocityRequest.h, /home/dimash/catkin_ws/devel/include/schunk_ezn64/get_velocityRequest.h)
Linked: (/home/dimash/catkin_ws/devel/.private/schunk_ezn64/include/schunk_ezn64/get_velocity.h, /home/dimash/catkin_ws/devel/include/schunk_ezn64/get_velocity.h)
Linked: (/home/dimash/catkin_ws/devel/.private/schunk_ezn64/include/schunk_ezn64/set_velocityResponse.h, /home/dimash/catkin_ws/devel/include/schunk_ezn64/set_velocityResponse.h)
Linked: (/home/dimash/catkin_ws/devel/.private/schunk_ezn64/include/schunk_ezn64/stopRequest.h, /home/dimash/catkin_ws/devel/include/schunk_ezn64/stopRequest.h)
Linked: (/home/dimash/catkin_ws/devel/.private/schunk_ezn64/include/schunk_ezn64/referenceResponse.h, /home/dimash/catkin_ws/devel/include/schunk_ezn64/referenceResponse.h)
Linked: (/home/dimash/catkin_ws/devel/.private/schunk_ezn64/include/schunk_ezn64/referenceRequest.h, /home/dimash/catkin_ws/devel/include/schunk_ezn64/referenceRequest.h)
Linked: (/home/dimash/catkin_ws/devel/.private/schunk_ezn64/include/schunk_ezn64/fastStop.h, /home/dimash/catkin_ws/devel/include/schunk_ezn64/fastStop.h)
Linked: (/home/dimash/catkin_ws/devel/.private/schunk_ezn64/include/schunk_ezn64/get_positionRequest.h, /home/dimash/catkin_ws/devel/include/schunk_ezn64/get_positionRequest.h)
Linked: (/home/dimash/catkin_ws/devel/.private/schunk_ezn64/include/schunk_ezn64/PosAndSpeedFloat32.h, /home/dimash/catkin_ws/devel/include/schunk_ezn64/PosAndSpeedFloat32.h)
Linked: (/home/dimash/catkin_ws/devel/.private/schunk_ezn64/include/schunk_ezn64/fastStopResponse.h, /home/dimash/catkin_ws/devel/include/schunk_ezn64/fastStopResponse.h)
Linked: (/home/dimash/catkin_ws/devel/.private/schunk_ezn64/include/schunk_ezn64/get_position.h, /home/dimash/catkin_ws/devel/include/schunk_ezn64/get_position.h)
Linked: (/home/dimash/catkin_ws/devel/.private/schunk_ezn64/include/schunk_ezn64/stopResponse.h, /home/dimash/catkin_ws/devel/include/schunk_ezn64/stopResponse.h)
Linked: (/home/dimash/catkin_ws/devel/.private/schunk_ezn64/include/schunk_ezn64/get_errorRequest.h, /home/dimash/catkin_ws/devel/include/schunk_ezn64/get_errorRequest.h)
Linked: (/home/dimash/catkin_ws/devel/.private/schunk_ezn64/include/schunk_ezn64/set_positionRequest.h, /home/dimash/catkin_ws/devel/include/schunk_ezn64/set_positionRequest.h)
Linked: (/home/dimash/catkin_ws/devel/.private/schunk_ezn64/include/schunk_ezn64/fastStopRequest.h, /home/dimash/catkin_ws/devel/include/schunk_ezn64/fastStopRequest.h)
Linked: (/home/dimash/catkin_ws/devel/.private/schunk_ezn64/include/schunk_ezn64/get_error.h, /home/dimash/catkin_ws/devel/include/schunk_ezn64/get_error.h)
