[  0%] Built target std_msgs_generate_messages_eus
[  0%] Built target std_msgs_generate_messages_cpp
[  0%] Built target geometry_msgs_generate_messages_nodejs
[  0%] Built target std_msgs_generate_messages_lisp
[  0%] Built target geometry_msgs_generate_messages_cpp
[  0%] Built target std_msgs_generate_messages_nodejs
[  0%] Built target geometry_msgs_generate_messages_lisp
[  0%] Built target std_msgs_generate_messages_py
[  0%] Built target geometry_msgs_generate_messages_eus
[  0%] Built target geometry_msgs_generate_messages_py
[  0%] Built target _shape_msgs_generate_messages_check_deps_Plane
[  0%] Built target _shape_msgs_generate_messages_check_deps_SolidPrimitive
[  0%] Built target _shape_msgs_generate_messages_check_deps_MeshTriangle
[  0%] Built target _shape_msgs_generate_messages_check_deps_Mesh
[ 22%] Built target shape_msgs_generate_messages_eus
[ 45%] Built target shape_msgs_generate_messages_py
[ 63%] Built target shape_msgs_generate_messages_cpp
[ 81%] Built target shape_msgs_generate_messages_nodejs
[100%] Built target shape_msgs_generate_messages_lisp
[100%] Built target shape_msgs_generate_messages
