[  0%] Built target geometry_msgs_generate_messages_lisp
[  0%] Built target std_msgs_generate_messages_py
[  0%] Built target geometry_msgs_generate_messages_nodejs
[  0%] Built target geometry_msgs_generate_messages_py
[  0%] Built target std_msgs_generate_messages_nodejs
[  0%] Built target std_msgs_generate_messages_lisp
[  0%] Built target geometry_msgs_generate_messages_eus
[  0%] Built target std_msgs_generate_messages_eus
[  0%] Built target std_msgs_generate_messages_cpp
[  0%] Built target geometry_msgs_generate_messages_cpp
[  0%] Built target _shape_msgs_generate_messages_check_deps_Plane
[  0%] Built target _shape_msgs_generate_messages_check_deps_MeshTriangle
[  0%] Built target _shape_msgs_generate_messages_check_deps_SolidPrimitive
[  0%] Built target _shape_msgs_generate_messages_check_deps_Mesh
[ 18%] Built target shape_msgs_generate_messages_lisp
[ 40%] Built target shape_msgs_generate_messages_eus
[ 72%] Built target shape_msgs_generate_messages_cpp
[ 77%] Built target shape_msgs_generate_messages_nodejs
[100%] Built target shape_msgs_generate_messages_py
[100%] Built target shape_msgs_generate_messages
