Linked: (/home/dimash/catkin_ws/devel/.private/moveit_ros_visualization/lib/libmoveit_trajectory_rviz_plugin_core.so, /home/dimash/catkin_ws/devel/lib/libmoveit_trajectory_rviz_plugin_core.so)
Linked: (/home/dimash/catkin_ws/devel/.private/moveit_ros_visualization/lib/libmoveit_planning_scene_rviz_plugin.so, /home/dimash/catkin_ws/devel/lib/libmoveit_planning_scene_rviz_plugin.so)
Linked: (/home/dimash/catkin_ws/devel/.private/moveit_ros_visualization/lib/libmoveit_motion_planning_rviz_plugin.so, /home/dimash/catkin_ws/devel/lib/libmoveit_motion_planning_rviz_plugin.so)
Linked: (/home/dimash/catkin_ws/devel/.private/moveit_ros_visualization/lib/libmoveit_trajectory_rviz_plugin_core.so.1.0.8, /home/dimash/catkin_ws/devel/lib/libmoveit_trajectory_rviz_plugin_core.so.1.0.8)
Linked: (/home/dimash/catkin_ws/devel/.private/moveit_ros_visualization/lib/libmoveit_rviz_plugin_render_tools.so, /home/dimash/catkin_ws/devel/lib/libmoveit_rviz_plugin_render_tools.so)
Linked: (/home/dimash/catkin_ws/devel/.private/moveit_ros_visualization/lib/libmoveit_planning_scene_rviz_plugin_core.so.1.0.8, /home/dimash/catkin_ws/devel/lib/libmoveit_planning_scene_rviz_plugin_core.so.1.0.8)
Linked: (/home/dimash/catkin_ws/devel/.private/moveit_ros_visualization/lib/libmoveit_motion_planning_rviz_plugin_core.so, /home/dimash/catkin_ws/devel/lib/libmoveit_motion_planning_rviz_plugin_core.so)
Linked: (/home/dimash/catkin_ws/devel/.private/moveit_ros_visualization/lib/libmoveit_robot_state_rviz_plugin_core.so.1.0.8, /home/dimash/catkin_ws/devel/lib/libmoveit_robot_state_rviz_plugin_core.so.1.0.8)
Linked: (/home/dimash/catkin_ws/devel/.private/moveit_ros_visualization/lib/libmoveit_robot_state_rviz_plugin.so, /home/dimash/catkin_ws/devel/lib/libmoveit_robot_state_rviz_plugin.so)
Linked: (/home/dimash/catkin_ws/devel/.private/moveit_ros_visualization/lib/libmoveit_planning_scene_rviz_plugin_core.so, /home/dimash/catkin_ws/devel/lib/libmoveit_planning_scene_rviz_plugin_core.so)
Linked: (/home/dimash/catkin_ws/devel/.private/moveit_ros_visualization/lib/libmoveit_trajectory_rviz_plugin.so, /home/dimash/catkin_ws/devel/lib/libmoveit_trajectory_rviz_plugin.so)
Linked: (/home/dimash/catkin_ws/devel/.private/moveit_ros_visualization/lib/libmoveit_motion_planning_rviz_plugin_core.so.1.0.8, /home/dimash/catkin_ws/devel/lib/libmoveit_motion_planning_rviz_plugin_core.so.1.0.8)
Linked: (/home/dimash/catkin_ws/devel/.private/moveit_ros_visualization/lib/libmoveit_trajectory_rviz_plugin.so.1.0.8, /home/dimash/catkin_ws/devel/lib/libmoveit_trajectory_rviz_plugin.so.1.0.8)
Linked: (/home/dimash/catkin_ws/devel/.private/moveit_ros_visualization/lib/libmoveit_robot_state_rviz_plugin_core.so, /home/dimash/catkin_ws/devel/lib/libmoveit_robot_state_rviz_plugin_core.so)
Linked: (/home/dimash/catkin_ws/devel/.private/moveit_ros_visualization/lib/libmoveit_motion_planning_rviz_plugin.so.1.0.8, /home/dimash/catkin_ws/devel/lib/libmoveit_motion_planning_rviz_plugin.so.1.0.8)
Linked: (/home/dimash/catkin_ws/devel/.private/moveit_ros_visualization/lib/libmoveit_planning_scene_rviz_plugin.so.1.0.8, /home/dimash/catkin_ws/devel/lib/libmoveit_planning_scene_rviz_plugin.so.1.0.8)
Linked: (/home/dimash/catkin_ws/devel/.private/moveit_ros_visualization/lib/libmoveit_robot_state_rviz_plugin.so.1.0.8, /home/dimash/catkin_ws/devel/lib/libmoveit_robot_state_rviz_plugin.so.1.0.8)
Linked: (/home/dimash/catkin_ws/devel/.private/moveit_ros_visualization/lib/libmoveit_rviz_plugin_render_tools.so.1.0.8, /home/dimash/catkin_ws/devel/lib/libmoveit_rviz_plugin_render_tools.so.1.0.8)
Linked: (/home/dimash/catkin_ws/devel/.private/moveit_ros_visualization/lib/pkgconfig/moveit_ros_visualization.pc, /home/dimash/catkin_ws/devel/lib/pkgconfig/moveit_ros_visualization.pc)
Linked: (/home/dimash/catkin_ws/devel/.private/moveit_ros_visualization/lib/python2.7/dist-packages/moveit_ros_visualization/__init__.py, /home/dimash/catkin_ws/devel/lib/python2.7/dist-packages/moveit_ros_visualization/__init__.py)
Linked: (/home/dimash/catkin_ws/devel/.private/moveit_ros_visualization/share/moveit_ros_visualization/cmake/moveit_ros_visualizationConfig.cmake, /home/dimash/catkin_ws/devel/share/moveit_ros_visualization/cmake/moveit_ros_visualizationConfig.cmake)
Linked: (/home/dimash/catkin_ws/devel/.private/moveit_ros_visualization/share/moveit_ros_visualization/cmake/moveit_ros_visualizationConfig-version.cmake, /home/dimash/catkin_ws/devel/share/moveit_ros_visualization/cmake/moveit_ros_visualizationConfig-version.cmake)
