Linked: (/home/dimash/catkin_ws/devel/.private/moveit_ros_planning_interface/lib/libmoveit_move_group_interface.so, /home/dimash/catkin_ws/devel/lib/libmoveit_move_group_interface.so)
Linked: (/home/dimash/catkin_ws/devel/.private/moveit_ros_planning_interface/lib/libmoveit_cpp.so, /home/dimash/catkin_ws/devel/lib/libmoveit_cpp.so)
Linked: (/home/dimash/catkin_ws/devel/.private/moveit_ros_planning_interface/lib/libmoveit_move_group_interface.so.1.0.8, /home/dimash/catkin_ws/devel/lib/libmoveit_move_group_interface.so.1.0.8)
Linked: (/home/dimash/catkin_ws/devel/.private/moveit_ros_planning_interface/lib/libmoveit_cpp.so.1.0.8, /home/dimash/catkin_ws/devel/lib/libmoveit_cpp.so.1.0.8)
Linked: (/home/dimash/catkin_ws/devel/.private/moveit_ros_planning_interface/lib/libmoveit_py_bindings_tools.so.1.0.8, /home/dimash/catkin_ws/devel/lib/libmoveit_py_bindings_tools.so.1.0.8)
Linked: (/home/dimash/catkin_ws/devel/.private/moveit_ros_planning_interface/lib/libmoveit_planning_scene_interface.so.1.0.8, /home/dimash/catkin_ws/devel/lib/libmoveit_planning_scene_interface.so.1.0.8)
Linked: (/home/dimash/catkin_ws/devel/.private/moveit_ros_planning_interface/lib/libmoveit_py_bindings_tools.so, /home/dimash/catkin_ws/devel/lib/libmoveit_py_bindings_tools.so)
Linked: (/home/dimash/catkin_ws/devel/.private/moveit_ros_planning_interface/lib/libmoveit_common_planning_interface_objects.so.1.0.8, /home/dimash/catkin_ws/devel/lib/libmoveit_common_planning_interface_objects.so.1.0.8)
Linked: (/home/dimash/catkin_ws/devel/.private/moveit_ros_planning_interface/lib/libmoveit_common_planning_interface_objects.so, /home/dimash/catkin_ws/devel/lib/libmoveit_common_planning_interface_objects.so)
Linked: (/home/dimash/catkin_ws/devel/.private/moveit_ros_planning_interface/lib/libmoveit_planning_scene_interface.so, /home/dimash/catkin_ws/devel/lib/libmoveit_planning_scene_interface.so)
Linked: (/home/dimash/catkin_ws/devel/.private/moveit_ros_planning_interface/lib/pkgconfig/moveit_ros_planning_interface.pc, /home/dimash/catkin_ws/devel/lib/pkgconfig/moveit_ros_planning_interface.pc)
Linked: (/home/dimash/catkin_ws/devel/.private/moveit_ros_planning_interface/lib/python2.7/dist-packages/moveit_ros_planning_interface/_moveit_move_group_interface.so.1.0.8, /home/dimash/catkin_ws/devel/lib/python2.7/dist-packages/moveit_ros_planning_interface/_moveit_move_group_interface.so.1.0.8)
Linked: (/home/dimash/catkin_ws/devel/.private/moveit_ros_planning_interface/lib/python2.7/dist-packages/moveit_ros_planning_interface/_moveit_robot_interface.so.1.0.8, /home/dimash/catkin_ws/devel/lib/python2.7/dist-packages/moveit_ros_planning_interface/_moveit_robot_interface.so.1.0.8)
Linked: (/home/dimash/catkin_ws/devel/.private/moveit_ros_planning_interface/lib/python2.7/dist-packages/moveit_ros_planning_interface/__init__.py, /home/dimash/catkin_ws/devel/lib/python2.7/dist-packages/moveit_ros_planning_interface/__init__.py)
Linked: (/home/dimash/catkin_ws/devel/.private/moveit_ros_planning_interface/lib/python2.7/dist-packages/moveit_ros_planning_interface/_moveit_planning_interface_test_serialize_msg_cpp_helper.so, /home/dimash/catkin_ws/devel/lib/python2.7/dist-packages/moveit_ros_planning_interface/_moveit_planning_interface_test_serialize_msg_cpp_helper.so)
Linked: (/home/dimash/catkin_ws/devel/.private/moveit_ros_planning_interface/lib/python2.7/dist-packages/moveit_ros_planning_interface/_moveit_planning_scene_interface.so.1.0.8, /home/dimash/catkin_ws/devel/lib/python2.7/dist-packages/moveit_ros_planning_interface/_moveit_planning_scene_interface.so.1.0.8)
Linked: (/home/dimash/catkin_ws/devel/.private/moveit_ros_planning_interface/lib/python2.7/dist-packages/moveit_ros_planning_interface/_moveit_planning_interface_test_serialize_msg_cpp_helper.so.1.0.8, /home/dimash/catkin_ws/devel/lib/python2.7/dist-packages/moveit_ros_planning_interface/_moveit_planning_interface_test_serialize_msg_cpp_helper.so.1.0.8)
Linked: (/home/dimash/catkin_ws/devel/.private/moveit_ros_planning_interface/lib/python2.7/dist-packages/moveit_ros_planning_interface/_moveit_roscpp_initializer.so, /home/dimash/catkin_ws/devel/lib/python2.7/dist-packages/moveit_ros_planning_interface/_moveit_roscpp_initializer.so)
Linked: (/home/dimash/catkin_ws/devel/.private/moveit_ros_planning_interface/lib/python2.7/dist-packages/moveit_ros_planning_interface/_moveit_planning_scene_interface.so, /home/dimash/catkin_ws/devel/lib/python2.7/dist-packages/moveit_ros_planning_interface/_moveit_planning_scene_interface.so)
Linked: (/home/dimash/catkin_ws/devel/.private/moveit_ros_planning_interface/lib/python2.7/dist-packages/moveit_ros_planning_interface/_moveit_roscpp_initializer.so.1.0.8, /home/dimash/catkin_ws/devel/lib/python2.7/dist-packages/moveit_ros_planning_interface/_moveit_roscpp_initializer.so.1.0.8)
Linked: (/home/dimash/catkin_ws/devel/.private/moveit_ros_planning_interface/lib/python2.7/dist-packages/moveit_ros_planning_interface/_moveit_robot_interface.so, /home/dimash/catkin_ws/devel/lib/python2.7/dist-packages/moveit_ros_planning_interface/_moveit_robot_interface.so)
Linked: (/home/dimash/catkin_ws/devel/.private/moveit_ros_planning_interface/lib/python2.7/dist-packages/moveit_ros_planning_interface/_moveit_move_group_interface.so, /home/dimash/catkin_ws/devel/lib/python2.7/dist-packages/moveit_ros_planning_interface/_moveit_move_group_interface.so)
Linked: (/home/dimash/catkin_ws/devel/.private/moveit_ros_planning_interface/lib/moveit_ros_planning_interface/test_cleanup, /home/dimash/catkin_ws/devel/lib/moveit_ros_planning_interface/test_cleanup)
Linked: (/home/dimash/catkin_ws/devel/.private/moveit_ros_planning_interface/lib/moveit_ros_planning_interface/demo, /home/dimash/catkin_ws/devel/lib/moveit_ros_planning_interface/demo)
Linked: (/home/dimash/catkin_ws/devel/.private/moveit_ros_planning_interface/share/moveit_ros_planning_interface/cmake/moveit_ros_planning_interfaceConfig-version.cmake, /home/dimash/catkin_ws/devel/share/moveit_ros_planning_interface/cmake/moveit_ros_planning_interfaceConfig-version.cmake)
Linked: (/home/dimash/catkin_ws/devel/.private/moveit_ros_planning_interface/share/moveit_ros_planning_interface/cmake/moveit_ros_planning_interfaceConfig.cmake, /home/dimash/catkin_ws/devel/share/moveit_ros_planning_interface/cmake/moveit_ros_planning_interfaceConfig.cmake)
